<?xml version="1.0" encoding="UTF-8"?>
<coverage generated="1637581851934" clover="3.2.0">
  <project timestamp="1637581851934" name="All files">
    <metrics statements="38" coveredstatements="30" conditionals="0" coveredconditionals="0" methods="16" coveredmethods="8" elements="54" coveredelements="38" complexity="0" loc="38" ncloc="38" packages="2" files="3" classes="3"/>
    <package name="components">
      <metrics statements="21" coveredstatements="18" conditionals="0" coveredconditionals="0" methods="5" coveredmethods="2"/>
      <file name="CreateAccount.vue" path="D:\vue-ts\app\src\components\CreateAccount.vue">
        <metrics statements="16" coveredstatements="14" conditionals="0" coveredconditionals="0" methods="3" coveredmethods="1"/>
        <line num="72" count="1" type="stmt"/>
        <line num="73" count="1" type="stmt"/>
        <line num="74" count="1" type="stmt"/>
        <line num="75" count="1" type="stmt"/>
        <line num="79" count="1" type="stmt"/>
        <line num="81" count="2" type="stmt"/>
        <line num="83" count="2" type="stmt"/>
        <line num="85" count="2" type="stmt"/>
        <line num="86" count="2" type="stmt"/>
        <line num="88" count="2" type="stmt"/>
        <line num="92" count="1" type="stmt"/>
        <line num="94" count="1" type="stmt"/>
        <line num="96" count="1" type="stmt"/>
        <line num="99" count="1" type="stmt"/>
        <line num="101" count="0" type="stmt"/>
        <line num="104" count="0" type="stmt"/>
      </file>
      <file name="TheHeader.vue" path="D:\vue-ts\app\src\components\TheHeader.vue">
        <metrics statements="5" coveredstatements="4" conditionals="0" coveredconditionals="0" methods="2" coveredmethods="1"/>
        <line num="10" count="1" type="stmt"/>
        <line num="13" count="2" type="stmt"/>
        <line num="14" count="1" type="stmt"/>
        <line num="15" count="5" type="stmt"/>
        <line num="17" count="0" type="stmt"/>
      </file>
    </package>
    <package name="model">
      <metrics statements="17" coveredstatements="12" conditionals="0" coveredconditionals="0" methods="11" coveredmethods="6"/>
      <file name="user.model.ts" path="D:\vue-ts\app\src\model\user.model.ts">
        <metrics statements="17" coveredstatements="12" conditionals="0" coveredconditionals="0" methods="11" coveredmethods="6"/>
        <line num="2" count="1" type="stmt"/>
        <line num="5" count="2" type="stmt"/>
        <line num="11" count="1" type="stmt"/>
        <line num="12" count="0" type="stmt"/>
        <line num="15" count="8" type="stmt"/>
        <line num="19" count="1" type="stmt"/>
        <line num="20" count="0" type="stmt"/>
        <line num="23" count="6" type="stmt"/>
        <line num="26" count="1" type="stmt"/>
        <line num="27" count="0" type="stmt"/>
        <line num="30" count="6" type="stmt"/>
        <line num="34" count="1" type="stmt"/>
        <line num="35" count="0" type="stmt"/>
        <line num="38" count="6" type="stmt"/>
        <line num="42" count="1" type="stmt"/>
        <line num="43" count="0" type="stmt"/>
        <line num="46" count="6" type="stmt"/>
      </file>
    </package>
  </project>
</coverage>
