{"D:\\vue-ts\\app\\src\\components\\CreateAccount.vue": {"path":"D:\\vue-ts\\app\\src\\components\\CreateAccount.vue","statementMap":{"0":{"start":{"line":72,"column":0},"end":{"line":72,"column":null}},"1":{"start":{"line":73,"column":0},"end":{"line":73,"column":null}},"2":{"start":{"line":74,"column":0},"end":{"line":74,"column":null}},"3":{"start":{"line":75,"column":0},"end":{"line":75,"column":null}},"4":{"start":{"line":79,"column":0},"end":{"line":79,"column":null}},"5":{"start":{"line":81,"column":0},"end":{"line":81,"column":null}},"6":{"start":{"line":85,"column":0},"end":{"line":85,"column":null}},"7":{"start":{"line":83,"column":0},"end":{"line":83,"column":null}},"8":{"start":{"line":88,"column":0},"end":{"line":88,"column":null}},"9":{"start":{"line":86,"column":0},"end":{"line":86,"column":null}},"10":{"start":{"line":101,"column":0},"end":{"line":101,"column":null}},"11":{"start":{"line":104,"column":0},"end":{"line":104,"column":null}},"12":{"start":{"line":92,"column":0},"end":{"line":92,"column":null}},"13":{"start":{"line":94,"column":0},"end":{"line":94,"column":null}},"14":{"start":{"line":96,"column":0},"end":{"line":96,"column":null}},"15":{"start":{"line":99,"column":0},"end":{"line":99,"column":null}}},"fnMap":{"0":{"name":"(anonymous_1)","decl":{"start":{"line":84,"column":0},"end":{"line":84,"column":null}},"loc":{"start":{"line":84,"column":0},"end":{"line":87,"column":null}}},"1":{"name":"(anonymous_2)","decl":{"start":{"line":100,"column":0},"end":{"line":100,"column":null}},"loc":{"start":{"line":100,"column":0},"end":{"line":102,"column":null}}},"2":{"name":"(anonymous_3)","decl":{"start":{"line":103,"column":0},"end":{"line":103,"column":null}},"loc":{"start":{"line":103,"column":0},"end":{"line":105,"column":null}}}},"branchMap":{},"s":{"0":1,"1":1,"2":1,"3":1,"4":1,"5":2,"6":2,"7":2,"8":2,"9":2,"10":0,"11":0,"12":1,"13":1,"14":1,"15":1},"f":{"0":2,"1":0,"2":0},"b":{}}
,"D:\\vue-ts\\app\\src\\components\\TheHeader.vue": {"path":"D:\\vue-ts\\app\\src\\components\\TheHeader.vue","statementMap":{"0":{"start":{"line":10,"column":0},"end":{"line":10,"column":null}},"1":{"start":{"line":13,"column":0},"end":{"line":13,"column":null}},"2":{"start":{"line":15,"column":0},"end":{"line":15,"column":null}},"3":{"start":{"line":17,"column":0},"end":{"line":17,"column":null}},"4":{"start":{"line":14,"column":0},"end":{"line":14,"column":null}}},"fnMap":{"0":{"name":"(anonymous_1)","decl":{"start":{"line":13,"column":0},"end":{"line":13,"column":null}},"loc":{"start":{"line":13,"column":0},"end":{"line":19,"column":null}}},"1":{"name":"(anonymous_2)","decl":{"start":{"line":16,"column":0},"end":{"line":16,"column":null}},"loc":{"start":{"line":16,"column":0},"end":{"line":18,"column":null}}}},"branchMap":{},"s":{"0":1,"1":2,"2":5,"3":0,"4":1},"f":{"0":5,"1":0},"b":{}}
,"D:\\vue-ts\\app\\src\\model\\user.model.ts": {"path":"D:\\vue-ts\\app\\src\\model\\user.model.ts","statementMap":{"0":{"start":{"line":2,"column":0},"end":{"line":2,"column":null}},"1":{"start":{"line":5,"column":10},"end":{"line":5,"column":30}},"2":{"start":{"line":12,"column":4},"end":{"line":12,"column":9}},"3":{"start":{"line":15,"column":4},"end":{"line":15,"column":11}},"4":{"start":{"line":20,"column":4},"end":{"line":20,"column":9}},"5":{"start":{"line":23,"column":4},"end":{"line":23,"column":11}},"6":{"start":{"line":27,"column":4},"end":{"line":27,"column":9}},"7":{"start":{"line":30,"column":4},"end":{"line":30,"column":11}},"8":{"start":{"line":35,"column":4},"end":{"line":35,"column":9}},"9":{"start":{"line":38,"column":4},"end":{"line":38,"column":11}},"10":{"start":{"line":43,"column":4},"end":{"line":43,"column":9}},"11":{"start":{"line":46,"column":4},"end":{"line":46,"column":11}},"12":{"start":{"line":11,"column":2},"end":{"line":11,"column":6}},"13":{"start":{"line":19,"column":2},"end":{"line":19,"column":6}},"14":{"start":{"line":26,"column":2},"end":{"line":26,"column":6}},"15":{"start":{"line":34,"column":2},"end":{"line":34,"column":6}},"16":{"start":{"line":42,"column":2},"end":{"line":42,"column":6}}},"fnMap":{"0":{"name":"(anonymous_0)","decl":{"start":{"line":4,"column":0},"end":{"line":4,"column":6}},"loc":{"start":{"line":4,"column":0},"end":{"line":51,"column":null}}},"1":{"name":"(anonymous_1)","decl":{"start":{"line":11,"column":14},"end":{"line":11,"column":15}},"loc":{"start":{"line":11,"column":28},"end":{"line":13,"column":null}}},"2":{"name":"(anonymous_2)","decl":{"start":{"line":14,"column":14},"end":{"line":14,"column":null}},"loc":{"start":{"line":14,"column":14},"end":{"line":16,"column":null}}},"3":{"name":"(anonymous_3)","decl":{"start":{"line":19,"column":25},"end":{"line":19,"column":26}},"loc":{"start":{"line":19,"column":37},"end":{"line":21,"column":null}}},"4":{"name":"(anonymous_4)","decl":{"start":{"line":22,"column":25},"end":{"line":22,"column":null}},"loc":{"start":{"line":22,"column":25},"end":{"line":24,"column":null}}},"5":{"name":"(anonymous_5)","decl":{"start":{"line":26,"column":11},"end":{"line":26,"column":12}},"loc":{"start":{"line":26,"column":25},"end":{"line":28,"column":null}}},"6":{"name":"(anonymous_6)","decl":{"start":{"line":29,"column":11},"end":{"line":29,"column":null}},"loc":{"start":{"line":29,"column":11},"end":{"line":31,"column":null}}},"7":{"name":"(anonymous_7)","decl":{"start":{"line":34,"column":14},"end":{"line":34,"column":15}},"loc":{"start":{"line":34,"column":28},"end":{"line":36,"column":null}}},"8":{"name":"(anonymous_8)","decl":{"start":{"line":37,"column":14},"end":{"line":37,"column":null}},"loc":{"start":{"line":37,"column":14},"end":{"line":39,"column":null}}},"9":{"name":"(anonymous_9)","decl":{"start":{"line":42,"column":21},"end":{"line":42,"column":22}},"loc":{"start":{"line":42,"column":35},"end":{"line":44,"column":null}}},"10":{"name":"(anonymous_10)","decl":{"start":{"line":45,"column":21},"end":{"line":45,"column":null}},"loc":{"start":{"line":45,"column":21},"end":{"line":47,"column":null}}}},"branchMap":{},"s":{"0":1,"1":2,"2":0,"3":8,"4":0,"5":6,"6":0,"7":6,"8":0,"9":6,"10":0,"11":6,"12":1,"13":1,"14":1,"15":1,"16":1},"f":{"0":2,"1":0,"2":8,"3":0,"4":6,"5":0,"6":6,"7":0,"8":6,"9":0,"10":6},"b":{}}
}
