TN:
SF:D:\vue-ts\app\src\components\CreateAccount.vue
FN:84,(anonymous_1)
FN:100,(anonymous_2)
FN:103,(anonymous_3)
FNF:3
FNH:1
FNDA:2,(anonymous_1)
FNDA:0,(anonymous_2)
FNDA:0,(anonymous_3)
DA:72,1
DA:73,1
DA:74,1
DA:75,1
DA:79,1
DA:81,2
DA:83,2
DA:85,2
DA:86,2
DA:88,2
DA:92,1
DA:94,1
DA:96,1
DA:99,1
DA:101,0
DA:104,0
LF:16
LH:14
BRF:0
BRH:0
end_of_record
TN:
SF:D:\vue-ts\app\src\components\TheHeader.vue
FN:13,(anonymous_1)
FN:16,(anonymous_2)
FNF:2
FNH:1
FNDA:5,(anonymous_1)
FNDA:0,(anonymous_2)
DA:10,1
DA:13,2
DA:14,1
DA:15,5
DA:17,0
LF:5
LH:4
BRF:0
BRH:0
end_of_record
TN:
SF:D:\vue-ts\app\src\model\user.model.ts
FN:4,(anonymous_0)
FN:11,(anonymous_1)
FN:14,(anonymous_2)
FN:19,(anonymous_3)
FN:22,(anonymous_4)
FN:26,(anonymous_5)
FN:29,(anonymous_6)
FN:34,(anonymous_7)
FN:37,(anonymous_8)
FN:42,(anonymous_9)
FN:45,(anonymous_10)
FNF:11
FNH:6
FNDA:2,(anonymous_0)
FNDA:0,(anonymous_1)
FNDA:8,(anonymous_2)
FNDA:0,(anonymous_3)
FNDA:6,(anonymous_4)
FNDA:0,(anonymous_5)
FNDA:6,(anonymous_6)
FNDA:0,(anonymous_7)
FNDA:6,(anonymous_8)
FNDA:0,(anonymous_9)
FNDA:6,(anonymous_10)
DA:2,1
DA:5,2
DA:11,1
DA:12,0
DA:15,8
DA:19,1
DA:20,0
DA:23,6
DA:26,1
DA:27,0
DA:30,6
DA:34,1
DA:35,0
DA:38,6
DA:42,1
DA:43,0
DA:46,6
LF:17
LH:12
BRF:0
BRH:0
end_of_record
